Start testing: Jun 23 17:15 PDT
----------------------------------------------------------
1/3 Testing: VMTest.InitializationTest
1/3 Test: VMTest.InitializationTest
Command: "/Users/beihaozhou/Projects/miniVM/build/vm_test" "--gtest_filter=VMTest.InitializationTest" "--gtest_also_run_disabled_tests"
Directory: /Users/beihaozhou/Projects/miniVM/build
"VMTest.InitializationTest" start time: Jun 23 17:15 PDT
Output:
----------------------------------------------------------
Note: Google Test filter = VMTest.InitializationTest
[==========] Running 1 test from 1 test suite.
[----------] Global test environment set-up.
[----------] 1 test from VMTest
[ RUN      ] VMTest.InitializationTest
[       OK ] VMTest.InitializationTest (0 ms)
[----------] 1 test from VMTest (0 ms total)

[----------] Global test environment tear-down
[==========] 1 test from 1 test suite ran. (0 ms total)
[  PASSED  ] 1 test.
<end of output>
Test time =   0.00 sec
----------------------------------------------------------
Test Passed.
"VMTest.InitializationTest" end time: Jun 23 17:15 PDT
"VMTest.InitializationTest" time elapsed: 00:00:00
----------------------------------------------------------

2/3 Testing: VMTest.PopObjectTest
2/3 Test: VMTest.PopObjectTest
Command: "/Users/beihaozhou/Projects/miniVM/build/vm_test" "--gtest_filter=VMTest.PopObjectTest" "--gtest_also_run_disabled_tests"
Directory: /Users/beihaozhou/Projects/miniVM/build
"VMTest.PopObjectTest" start time: Jun 23 17:15 PDT
Output:
----------------------------------------------------------
Note: Google Test filter = VMTest.PopObjectTest
[==========] Running 1 test from 1 test suite.
[----------] Global test environment set-up.
[----------] 1 test from VMTest
[ RUN      ] VMTest.PopObjectTest
[       OK ] VMTest.PopObjectTest (0 ms)
[----------] 1 test from VMTest (0 ms total)

[----------] Global test environment tear-down
[==========] 1 test from 1 test suite ran. (0 ms total)
[  PASSED  ] 1 test.
<end of output>
Test time =   0.01 sec
----------------------------------------------------------
Test Passed.
"VMTest.PopObjectTest" end time: Jun 23 17:15 PDT
"VMTest.PopObjectTest" time elapsed: 00:00:00
----------------------------------------------------------

3/3 Testing: VMTest.CyclicalReferenceTest
3/3 Test: VMTest.CyclicalReferenceTest
Command: "/Users/beihaozhou/Projects/miniVM/build/vm_test" "--gtest_filter=VMTest.CyclicalReferenceTest" "--gtest_also_run_disabled_tests"
Directory: /Users/beihaozhou/Projects/miniVM/build
"VMTest.CyclicalReferenceTest" start time: Jun 23 17:15 PDT
Output:
----------------------------------------------------------
Note: Google Test filter = VMTest.CyclicalReferenceTest
[==========] Running 1 test from 1 test suite.
[----------] Global test environment set-up.
[----------] 1 test from VMTest
[ RUN      ] VMTest.CyclicalReferenceTest
[       OK ] VMTest.CyclicalReferenceTest (0 ms)
[----------] 1 test from VMTest (0 ms total)

[----------] Global test environment tear-down
[==========] 1 test from 1 test suite ran. (0 ms total)
[  PASSED  ] 1 test.
<end of output>
Test time =   0.00 sec
----------------------------------------------------------
Test Passed.
"VMTest.CyclicalReferenceTest" end time: Jun 23 17:15 PDT
"VMTest.CyclicalReferenceTest" time elapsed: 00:00:00
----------------------------------------------------------

End testing: Jun 23 17:15 PDT
